1744182342.428252 client started (21121): version 3.4, socket /tmp/tmux-1000/default, protocol 8
1744182342.428279 on Linux 5.15.167.4-microsoft-standard-WSL2 #1 SMP Tue Nov 5 00:21:55 UTC 2024
1744182342.428283 using libevent 2.1.12-stable poll
1744182342.428286 using ncurses 6.4 20240113
1744182342.428375 flags are 0x10010000
1744182342.428388 socket is /tmp/tmux-1000/default
1744182342.428400 trying connect
1744182342.429186 add peer 0x5605b414bb40: 6 ((nil))
1744182342.429462 sending message 100 to peer 0x5605b414bb40 (4 bytes)
1744182342.429487 sending message 111 to peer 0x5605b414bb40 (8 bytes)
1744182342.429498 sending message 101 to peer 0x5605b414bb40 (16 bytes)
1744182342.429501 sending message 109 to peer 0x5605b414bb40 (4 bytes)
1744182342.429503 sending message 102 to peer 0x5605b414bb40 (11 bytes)
1744182342.429506 sending message 108 to peer 0x5605b414bb40 (24 bytes)
1744182342.429508 sending message 112 to peer 0x5605b414bb40 (70 bytes)
1744182342.429510 sending message 112 to peer 0x5605b414bb40 (5 bytes)
1744182342.429513 sending message 112 to peer 0x5605b414bb40 (5 bytes)
1744182342.429516 sending message 112 to peer 0x5605b414bb40 (6 bytes)
1744182342.429518 sending message 112 to peer 0x5605b414bb40 (6 bytes)
1744182342.429520 sending message 112 to peer 0x5605b414bb40 (11 bytes)
1744182342.429522 sending message 112 to peer 0x5605b414bb40 (10 bytes)
1744182342.429525 sending message 112 to peer 0x5605b414bb40 (13 bytes)
1744182342.429528 sending message 112 to peer 0x5605b414bb40 (13 bytes)
1744182342.429530 sending message 112 to peer 0x5605b414bb40 (18 bytes)
1744182342.429532 sending message 112 to peer 0x5605b414bb40 (11 bytes)
1744182342.429534 sending message 112 to peer 0x5605b414bb40 (21 bytes)
1744182342.429536 sending message 112 to peer 0x5605b414bb40 (13 bytes)
1744182342.429538 sending message 112 to peer 0x5605b414bb40 (7 bytes)
1744182342.429540 sending message 112 to peer 0x5605b414bb40 (13 bytes)
1744182342.429542 sending message 112 to peer 0x5605b414bb40 (7 bytes)
1744182342.429544 sending message 112 to peer 0x5605b414bb40 (13 bytes)
1744182342.429546 sending message 112 to peer 0x5605b414bb40 (9 bytes)
1744182342.429548 sending message 112 to peer 0x5605b414bb40 (21 bytes)
1744182342.429550 sending message 112 to peer 0x5605b414bb40 (13 bytes)
1744182342.429552 sending message 112 to peer 0x5605b414bb40 (8 bytes)
1744182342.429555 sending message 112 to peer 0x5605b414bb40 (12 bytes)
1744182342.429557 sending message 112 to peer 0x5605b414bb40 (13 bytes)
1744182342.429559 sending message 112 to peer 0x5605b414bb40 (9 bytes)
1744182342.429562 sending message 112 to peer 0x5605b414bb40 (9 bytes)
1744182342.429564 sending message 112 to peer 0x5605b414bb40 (12 bytes)
1744182342.429566 sending message 112 to peer 0x5605b414bb40 (8 bytes)
1744182342.429570 sending message 112 to peer 0x5605b414bb40 (7 bytes)
1744182342.429573 sending message 112 to peer 0x5605b414bb40 (7 bytes)
1744182342.429576 sending message 112 to peer 0x5605b414bb40 (9 bytes)
1744182342.429579 sending message 112 to peer 0x5605b414bb40 (13 bytes)
1744182342.429583 sending message 112 to peer 0x5605b414bb40 (9 bytes)
1744182342.429585 sending message 112 to peer 0x5605b414bb40 (15 bytes)
1744182342.429588 sending message 112 to peer 0x5605b414bb40 (13 bytes)
1744182342.429591 sending message 112 to peer 0x5605b414bb40 (12 bytes)
1744182342.429595 sending message 112 to peer 0x5605b414bb40 (8 bytes)
1744182342.429600 sending message 112 to peer 0x5605b414bb40 (14 bytes)
1744182342.429613 sending message 112 to peer 0x5605b414bb40 (9 bytes)
1744182342.429621 sending message 112 to peer 0x5605b414bb40 (10 bytes)
1744182342.429626 sending message 112 to peer 0x5605b414bb40 (10 bytes)
1744182342.429630 sending message 112 to peer 0x5605b414bb40 (10 bytes)
1744182342.429633 sending message 112 to peer 0x5605b414bb40 (10 bytes)
1744182342.429637 sending message 112 to peer 0x5605b414bb40 (11 bytes)
1744182342.429640 sending message 112 to peer 0x5605b414bb40 (10 bytes)
1744182342.429644 sending message 112 to peer 0x5605b414bb40 (8 bytes)
1744182342.429700 sending message 112 to peer 0x5605b414bb40 (11 bytes)
1744182342.429704 sending message 112 to peer 0x5605b414bb40 (11 bytes)
1744182342.429706 sending message 112 to peer 0x5605b414bb40 (11 bytes)
1744182342.429709 sending message 112 to peer 0x5605b414bb40 (8 bytes)
1744182342.429711 sending message 112 to peer 0x5605b414bb40 (8 bytes)
1744182342.429713 sending message 112 to peer 0x5605b414bb40 (8 bytes)
1744182342.429715 sending message 112 to peer 0x5605b414bb40 (10 bytes)
1744182342.429716 sending message 112 to peer 0x5605b414bb40 (10 bytes)
1744182342.429718 sending message 112 to peer 0x5605b414bb40 (10 bytes)
1744182342.429720 sending message 112 to peer 0x5605b414bb40 (10 bytes)
1744182342.429722 sending message 112 to peer 0x5605b414bb40 (10 bytes)
1744182342.429724 sending message 112 to peer 0x5605b414bb40 (11 bytes)
1744182342.429726 sending message 112 to peer 0x5605b414bb40 (11 bytes)
1744182342.429728 sending message 112 to peer 0x5605b414bb40 (10 bytes)
1744182342.429730 sending message 112 to peer 0x5605b414bb40 (9 bytes)
1744182342.429732 sending message 112 to peer 0x5605b414bb40 (9 bytes)
1744182342.429734 sending message 112 to peer 0x5605b414bb40 (12 bytes)
1744182342.429736 sending message 112 to peer 0x5605b414bb40 (9 bytes)
1744182342.429738 sending message 112 to peer 0x5605b414bb40 (6 bytes)
1744182342.429740 sending message 112 to peer 0x5605b414bb40 (13 bytes)
1744182342.429742 sending message 112 to peer 0x5605b414bb40 (8 bytes)
1744182342.429744 sending message 112 to peer 0x5605b414bb40 (15 bytes)
1744182342.429746 sending message 112 to peer 0x5605b414bb40 (13 bytes)
1744182342.429748 sending message 112 to peer 0x5605b414bb40 (70 bytes)
1744182342.429750 sending message 112 to peer 0x5605b414bb40 (69 bytes)
1744182342.429752 sending message 112 to peer 0x5605b414bb40 (10 bytes)
1744182342.429754 sending message 112 to peer 0x5605b414bb40 (8 bytes)
1744182342.429755 sending message 112 to peer 0x5605b414bb40 (15 bytes)
1744182342.429757 sending message 112 to peer 0x5605b414bb40 (13 bytes)
1744182342.429759 sending message 112 to peer 0x5605b414bb40 (10 bytes)
1744182342.429761 sending message 112 to peer 0x5605b414bb40 (10 bytes)
1744182342.429763 sending message 112 to peer 0x5605b414bb40 (5 bytes)
1744182342.429765 sending message 112 to peer 0x5605b414bb40 (15 bytes)
1744182342.429768 sending message 104 to peer 0x5605b414bb40 (0 bytes)
1744182342.429770 sending message 110 to peer 0x5605b414bb40 (0 bytes)
1744182342.429772 sending message 107 to peer 0x5605b414bb40 (4 bytes)
1744182342.429774 sending message 105 to peer 0x5605b414bb40 (16 bytes)
1744182342.429776 sending message 105 to peer 0x5605b414bb40 (20 bytes)
1744182342.429778 sending message 105 to peer 0x5605b414bb40 (61 bytes)
1744182342.429780 sending message 105 to peer 0x5605b414bb40 (24 bytes)
1744182342.429782 sending message 105 to peer 0x5605b414bb40 (25 bytes)
1744182342.429784 sending message 105 to peer 0x5605b414bb40 (29 bytes)
1744182342.429786 sending message 105 to peer 0x5605b414bb40 (35 bytes)
1744182342.429788 sending message 105 to peer 0x5605b414bb40 (52 bytes)
1744182342.429790 sending message 105 to peer 0x5605b414bb40 (14 bytes)
1744182342.429792 sending message 105 to peer 0x5605b414bb40 (28 bytes)
1744182342.429794 sending message 105 to peer 0x5605b414bb40 (14 bytes)
1744182342.429796 sending message 105 to peer 0x5605b414bb40 (23 bytes)
1744182342.429798 sending message 105 to peer 0x5605b414bb40 (17 bytes)
1744182342.429800 sending message 105 to peer 0x5605b414bb40 (13 bytes)
1744182342.429801 sending message 105 to peer 0x5605b414bb40 (33 bytes)
1744182342.429804 sending message 105 to peer 0x5605b414bb40 (1817 bytes)
1744182342.429812 sending message 105 to peer 0x5605b414bb40 (26 bytes)
1744182342.429815 sending message 105 to peer 0x5605b414bb40 (25 bytes)
1744182342.429817 sending message 105 to peer 0x5605b414bb40 (34 bytes)
1744182342.429819 sending message 105 to peer 0x5605b414bb40 (21 bytes)
1744182342.429821 sending message 105 to peer 0x5605b414bb40 (32 bytes)
1744182342.429825 sending message 105 to peer 0x5605b414bb40 (11 bytes)
1744182342.429827 sending message 105 to peer 0x5605b414bb40 (14 bytes)
1744182342.429829 sending message 105 to peer 0x5605b414bb40 (11 bytes)
1744182342.429831 sending message 105 to peer 0x5605b414bb40 (8 bytes)
1744182342.429833 sending message 105 to peer 0x5605b414bb40 (14 bytes)
1744182342.429835 sending message 105 to peer 0x5605b414bb40 (32 bytes)
1744182342.429837 sending message 105 to peer 0x5605b414bb40 (56 bytes)
1744182342.429839 sending message 105 to peer 0x5605b414bb40 (65 bytes)
1744182342.429841 sending message 105 to peer 0x5605b414bb40 (1871 bytes)
1744182342.429844 sending message 105 to peer 0x5605b414bb40 (54 bytes)
1744182342.429846 sending message 105 to peer 0x5605b414bb40 (52 bytes)
1744182342.429848 sending message 105 to peer 0x5605b414bb40 (16 bytes)
1744182342.429850 sending message 105 to peer 0x5605b414bb40 (40 bytes)
1744182342.429852 sending message 105 to peer 0x5605b414bb40 (40 bytes)
1744182342.429854 sending message 105 to peer 0x5605b414bb40 (18 bytes)
1744182342.429856 sending message 105 to peer 0x5605b414bb40 (16 bytes)
1744182342.429858 sending message 106 to peer 0x5605b414bb40 (0 bytes)
1744182342.429928 sending message 200 to peer 0x5605b414bb40 (4 bytes)
1744182342.429933 client loop enter
1744182342.430995 peer 0x5605b414bb40 message 303
1744182342.431015 open write file 2 -
1744182342.431023 sending message 305 to peer 0x5605b414bb40 (8 bytes)
1744182342.431039 write check file 2
1744182342.431277 peer 0x5605b414bb40 message 304
1744182342.431285 write 58 to file 2
1744182342.431291 peer 0x5605b414bb40 message 203
1744182342.431294 file 2 58 bytes left
1744182342.431330 write check file 2
1744182342.431334 client loop exit
